SUCCESS!
2017-11-04 at 16:36:23 Generate AppaAppsPhotoApp version 20171103-2222 philiprbrenan/SlipsAndSpills

2017-11-04 at 16:36:24 Step: parseSource
2017-11-04 at 16:36:24 Good source file!
2017-11-04 at 16:36:24 Step: loadAssets
2017-11-04 at 16:36:30 Step: multiplyPhotosByFacts
2017-11-04 at 16:36:30 Step: genJavaManifest
2017-11-04 at 16:36:30 Step: genJsonManifest
2017-11-04 at 16:36:30 Step: genGameHtml
2017-11-04 at 16:36:30 Step: genHtmlAssets
2017-11-04 at 16:36:30 Step: zipAssets
2017-11-04 at 16:36:30 Step: compileApp
2017-11-04 at 16:36:40 Step: copyLinksToGitHub
2017-11-04 at 16:36:41 Step: copyFilesIntoPositionOnWebServer
--------------------------------------------------------------------------------
do {
  my $a = bless({
    android => bless({
      action        => "run",
      activity      => "Activity",
      buildFolder   => "/tmp/AppaAppsPhotoApp/build/",
      buildTools    => "/home/phil/Android/sdk/build-tools/25.0.3/",
      debug         => 0,
      device        => "emulator-5554",
      editSource    => undef,
      home          => "/root/",
      icon          => "/tmp/AppaAppsPhotoApp/cache/images/corridor.jpg",
      keyAlias      => "genApp",
      keyStoreFile  => "/home/phil/AppaAppsPhotoApp/keys/genApp.keystore",
      keyStorePwd   => "genApp",
      libs          => [],
      log           => [
                         "",
                         "warning: [options] bootstrap class path not set in conjunction with -source 1.7\n1 warning",
                         "",
                         "libpng error: Read Error\nlibpng error: Read Error\nCrunching PNG Files in source dir: /tmp/AppaAppsPhotoApp/build/res/\nTo destination dir: /tmp/AppaAppsPhotoApp/build/bin//tmp/AppaAppsPhotoApp/build/res",
                         "",
                         "",
                         "Enter Passphrase for keystore: jar signed.\n\nWarning: \nNo -tsa or -tsacert is provided and this jar is not timestamped. Without a timestamp, users may not be able to validate this jar after the signer certificate's expiration date (2044-09-10) or after any future revocation date.",
                         "\njar verified.\n\nWarning: \nThis jar contains entries whose certificate chain is not validated.\nThis jar contains signatures that does not include a timestamp. Without a timestamp, users may not be able to validate this jar after the signer certificate's expiration date (2044-09-10) or after any future revocation date.\n\nRe-run with the -verbose and -certs options for more details.",
                       ],
      package       => "com.appaapps.photoapp.SlipsAndSpills",
      parameters    => "philiprbrenan,SlipsAndSpills,http://www.appaapps.com/users/philiprbrenan/SlipsAndSpills/zip/SlipsAndSpills.zip",
      permissions   => ["INTERNET", "ACCESS_NETWORK_STATE"],
      platform      => "/home/phil/Android/sdk/platforms/android-25/",
      platformTools => "/home/phil/Android/sdk/platform-tools/",
      sdkLevels     => [15, 25],
      src           => [
                         "/home/phil/java/appState/AppState.java",
                         "/home/phil/java/choices/Choices.java",
                         "/home/phil/java/coloursTransformed/ColoursTransformed.java",
                         "/home/phil/java/download/File.java",
                         "/home/phil/java/email/Email.java",
                         "/home/phil/java/fourier/Fourier.java",
                         "/home/phil/java/gradients/Gradients.java",
                         "/home/phil/java/download/Url.java",
                         "/home/phil/java/log/Log.java",
                         "/home/phil/java/maths/Maths.java",
                         "/home/phil/java/randomChoice/RandomChoice.java",
                         "/home/phil/java/save/Save.java",
                         "/home/phil/java/sound/Midi.java",
                         "/home/phil/java/sound/Sound.java",
                         "/home/phil/java/sound/Speech.java",
                         "/home/phil/java/svg/Svg.java",
                         "/home/phil/java/unpackappdescription/Unpackappdescription.java",
                         "/home/phil/java/upload/UploadStream.java",
                         "/home/phil/java/unzip/Unzip.java",
                       ],
      title         => "Minimising falls",
      version       => 20171104,
    }, "Android::Build"),
    app => bless({
      cmd => "app",
      end => 5,
      index => 0,
      name => "SlipsAndSpills",
      parsedKeys => bless({
        author    => "philiprbrenan",
        cmd       => "app",
        email     => "ExperiDev1",
        icon      => "https://raw.githubusercontent.com/philiprbrenan/SlipsAndSpills/master/images/corridor.jpg",
        language  => "en",
        maximages => 6,
        name      => "SlipsAndSpills",
        speakers  => "Amy Brian Emma Geraint Ivy Joanna Joey Justin Kendra Kimberly Nicole Raveena Russell Salli",
        title     => "Minimising falls",
      }, "ParsedKeys"),
      start => 1,
      title => "Minimising falls",
      titleFile => undef,
    }, "ParsedCmd"),
    error => undef,
    iconFile => "/tmp/AppaAppsPhotoApp/cache/images/corridor.jpg",
    log => [
      "2017-11-04 at 16:36:23 Generate AppaAppsPhotoApp version 20171103-2222 philiprbrenan/SlipsAndSpills\n",
      "2017-11-04 at 16:36:24 Step: parseSource",
      "2017-11-04 at 16:36:24 Good source file!",
      "2017-11-04 at 16:36:24 Step: loadAssets",
      "2017-11-04 at 16:36:30 Step: multiplyPhotosByFacts",
      "2017-11-04 at 16:36:30 Step: genJavaManifest",
      "2017-11-04 at 16:36:30 Step: genJsonManifest",
      "2017-11-04 at 16:36:30 Step: genGameHtml",
      "2017-11-04 at 16:36:30 Step: genHtmlAssets",
      "2017-11-04 at 16:36:30 Step: zipAssets",
      "2017-11-04 at 16:36:30 Step: compileApp",
      "2017-11-04 at 16:36:40 Step: copyLinksToGitHub",
      "2017-11-04 at 16:36:41 Step: copyFilesIntoPositionOnWebServer",
    ],
    parsedCmds => [
      'fix',
      bless({
        cmd => "photo",
        end => 8,
        index => 0,
        name => "bathroom",
        parsedKeys => bless({
          cmd       => "photo",
          height    => 640,
          name      => "bathroom",
          title     => "Dangerous bathroom",
          titleFile => "Dangerousbathroom",
          url       => "https://raw.githubusercontent.com/philiprbrenan/SlipsAndSpills/master/images/bathroom.jpg",
          width     => 480,
        }, "ParsedKeys"),
        start => 7,
        title => "Dangerous bathroom",
        titleFile => "Dangerousbathroom",
      }, "ParsedCmd"),
      bless({
        cmd => "fact",
        end => 10,
        index => 0,
        name => "bathroom.1",
        parsedKeys => bless({
          cmd => "fact",
          name => "bathroom.1",
          title => "Tiles like ice when wet",
          titleFile => "Tileslikeicewhenwet",
        }, "ParsedKeys"),
        start => 10,
        title => "Tiles like ice when wet",
        titleFile => "Tileslikeicewhenwet",
      }, "ParsedCmd"),
      bless({
        cmd => "fact",
        end => 11,
        index => 1,
        name => "bathroom.2",
        parsedKeys => bless({
          cmd => "fact",
          name => "bathroom.2",
          title => "Needs non-slip floor",
          titleFile => "Needsnonslipfloor",
        }, "ParsedKeys"),
        start => 11,
        title => "Needs non-slip floor",
        titleFile => "Needsnonslipfloor",
      }, "ParsedCmd"),
      bless({
        cmd => "fact",
        end => 12,
        index => 2,
        name => "bathroom.3",
        parsedKeys => bless({
          cmd => "fact",
          name => "bathroom.3",
          title => "Needs handrails",
          titleFile => "Needshandrails",
        }, "ParsedKeys"),
        start => 12,
        title => "Needs handrails",
        titleFile => "Needshandrails",
      }, "ParsedCmd"),
      bless({
        cmd => "photo",
        end => 15,
        index => 1,
        name => "shoes",
        parsedKeys => bless({
          cmd       => "photo",
          height    => 4128,
          name      => "shoes",
          title     => "Slip-on-sandals",
          titleFile => "Sliponsandals",
          url       => "https://raw.githubusercontent.com/philiprbrenan/SlipsAndSpills/master/images/shoes.jpg",
          width     => 2322,
        }, "ParsedKeys"),
        start => 14,
        title => "Slip-on-sandals",
        titleFile => "Sliponsandals",
      }, "ParsedCmd"),
      bless({
        cmd => "fact",
        end => 17,
        index => 3,
        name => "shoes.1",
        parsedKeys => bless({
          cmd => "fact",
          name => "shoes.1",
          title => "Slip-ons are dangerous",
          titleFile => "Sliponsaredangerous",
        }, "ParsedKeys"),
        start => 17,
        title => "Slip-ons are dangerous",
        titleFile => "Sliponsaredangerous",
      }, "ParsedCmd"),
      bless({
        cmd => "fact",
        end => 18,
        index => 4,
        name => "shoes.2",
        parsedKeys => bless({
          cmd => "fact",
          name => "shoes.2",
          title => "Too loose",
          titleFile => "Tooloose",
        }, "ParsedKeys"),
        start => 18,
        title => "Too loose",
        titleFile => "Tooloose",
      }, "ParsedCmd"),
      bless({
        cmd => "fact",
        end => 19,
        index => 5,
        name => "shoes.3",
        parsedKeys => bless({
          cmd => "fact",
          name => "shoes.3",
          title => "Does not support feet",
          titleFile => "Doesnotsupportfeet",
        }, "ParsedKeys"),
        start => 19,
        title => "Does not support feet",
        titleFile => "Doesnotsupportfeet",
      }, "ParsedCmd"),
      bless({
        cmd => "fact",
        end => 20,
        index => 6,
        name => "shoes.4",
        parsedKeys => bless({
          cmd => "fact",
          name => "shoes.4",
          title => "Choose a different pair",
          titleFile => "Chooseadifferentpair",
        }, "ParsedKeys"),
        start => 20,
        title => "Choose a different pair",
        titleFile => "Chooseadifferentpair",
      }, "ParsedCmd"),
      bless({
        cmd => "photo",
        end => 23,
        index => 2,
        name => "corridor",
        parsedKeys => bless({
          cmd       => "photo",
          height    => 640,
          name      => "corridor",
          title     => "Long corridor poor lighting",
          titleFile => "Longcorridorpoorlighting",
          url       => "https://raw.githubusercontent.com/philiprbrenan/SlipsAndSpills/master/images/corridor.jpg",
          width     => 480,
        }, "ParsedKeys"),
        start => 22,
        title => "Long corridor poor lighting",
        titleFile => "Longcorridorpoorlighting",
      }, "ParsedCmd"),
      bless({
        cmd => "fact",
        end => 25,
        index => 7,
        name => "corridor.1",
        parsedKeys => bless({
          cmd => "fact",
          name => "corridor.1",
          title => "Two fall risks",
          titleFile => "Twofallrisks",
        }, "ParsedKeys"),
        start => 25,
        title => "Two fall risks",
        titleFile => "Twofallrisks",
      }, "ParsedCmd"),
      bless({
        cmd => "fact",
        end => 26,
        index => 8,
        name => "corridor.2",
        parsedKeys => bless({
          cmd => "fact",
          name => "corridor.2",
          title => "Add lights",
          titleFile => "Addlights",
        }, "ParsedKeys"),
        start => 26,
        title => "Add lights",
        titleFile => "Addlights",
      }, "ParsedCmd"),
      bless({
        cmd => "fact",
        end => 27,
        index => 9,
        name => "corridor.3",
        parsedKeys => bless({
          cmd => "fact",
          name => "corridor.3",
          title => "Provide chairs",
          titleFile => "Providechairs",
        }, "ParsedKeys"),
        start => 27,
        title => "Provide chairs",
        titleFile => "Providechairs",
      }, "ParsedCmd"),
      bless({
        cmd => "fact",
        end => 28,
        index => 10,
        name => "corridor.4",
        parsedKeys => bless({
          cmd => "fact",
          name => "corridor.4",
          title => "Chairs are for pit-stops",
          titleFile => "Chairsareforpitstops",
        }, "ParsedKeys"),
        start => 28,
        title => "Chairs are for pit-stops",
        titleFile => "Chairsareforpitstops",
      }, "ParsedCmd"),
      bless({
        cmd => "photo",
        end => 31,
        index => 3,
        name => "tablets",
        parsedKeys => bless({
          cmd       => "photo",
          height    => 2322,
          name      => "tablets",
          title     => "Medication",
          titleFile => "Medication",
          url       => "https://raw.githubusercontent.com/philiprbrenan/SlipsAndSpills/master/images/tablets.jpg",
          width     => 4128,
        }, "ParsedKeys"),
        start => 30,
        title => "Medication",
        titleFile => "Medication",
      }, "ParsedCmd"),
      bless({
        cmd => "fact",
        end => 33,
        index => 11,
        name => "tablets.1",
        parsedKeys => bless({
          cmd => "fact",
          name => "tablets.1",
          title => "Medication has side-effects",
          titleFile => "Medicationhassideeffects",
        }, "ParsedKeys"),
        start => 33,
        title => "Medication has side-effects",
        titleFile => "Medicationhassideeffects",
      }, "ParsedCmd"),
      bless({
        cmd => "fact",
        end => 34,
        index => 12,
        name => "tablets.2",
        parsedKeys => bless({
          cmd => "fact",
          name => "tablets.2",
          title => "Can cause dizziness and confusion",
          titleFile => "Cancausedizzinessandconfusion",
        }, "ParsedKeys"),
        start => 34,
        title => "Can cause dizziness and confusion",
        titleFile => "Cancausedizzinessandconfusion",
      }, "ParsedCmd"),
      bless({
        cmd => "fact",
        end => 35,
        index => 13,
        name => "tablets.3",
        parsedKeys => bless({
          cmd => "fact",
          name => "tablets.3",
          title => "Check possible side-effects",
          titleFile => "Checkpossiblesideeffects",
        }, "ParsedKeys"),
        start => 35,
        title => "Check possible side-effects",
        titleFile => "Checkpossiblesideeffects",
      }, "ParsedCmd"),
      bless({
        cmd => "photo",
        end => 38,
        index => 4,
        name => "obstacles",
        parsedKeys => bless({
          cmd       => "photo",
          height    => 2322,
          name      => "obstacles",
          title     => "Obstacles",
          titleFile => "Obstacles",
          url       => "https://raw.githubusercontent.com/philiprbrenan/SlipsAndSpills/master/images/obstacles.jpg",
          width     => 4128,
        }, "ParsedKeys"),
        start => 37,
        title => "Obstacles",
        titleFile => "Obstacles",
      }, "ParsedCmd"),
      bless({
        cmd => "fact",
        end => 40,
        index => 14,
        name => "obstacles.1",
        parsedKeys => bless({
          cmd => "fact",
          name => "obstacles.1",
          title => "Difficult to navigate",
          titleFile => "Difficulttonavigate",
        }, "ParsedKeys"),
        start => 40,
        title => "Difficult to navigate",
        titleFile => "Difficulttonavigate",
      }, "ParsedCmd"),
      bless({
        cmd => "fact",
        end => 41,
        index => 15,
        name => "obstacles.2",
        parsedKeys => bless({
          cmd => "fact",
          name => "obstacles.2",
          title => "Can cause trips and falls",
          titleFile => "Cancausetripsandfalls",
        }, "ParsedKeys"),
        start => 41,
        title => "Can cause trips and falls",
        titleFile => "Cancausetripsandfalls",
      }, "ParsedCmd"),
      bless({
        cmd => "fact",
        end => 42,
        index => 16,
        name => "obstacles.3",
        parsedKeys => bless({
          cmd => "fact",
          name => "obstacles.3",
          title => "Clear away to make a path",
          titleFile => "Clearawaytomakeapath",
        }, "ParsedKeys"),
        start => 42,
        title => "Clear away to make a path",
        titleFile => "Clearawaytomakeapath",
      }, "ParsedCmd"),
      bless({
        cmd => "photo",
        end => 45,
        index => 5,
        name => "spill",
        parsedKeys => bless({
          cmd       => "photo",
          height    => 2322,
          name      => "spill",
          title     => "Spills on floor",
          titleFile => "Spillsonfloor",
          url       => "https://raw.githubusercontent.com/philiprbrenan/SlipsAndSpills/master/images/spill.jpg",
          width     => 4128,
        }, "ParsedKeys"),
        start => 44,
        title => "Spills on floor",
        titleFile => "Spillsonfloor",
      }, "ParsedCmd"),
      bless({
        cmd => "fact",
        end => 47,
        index => 17,
        name => "spills.1",
        parsedKeys => bless({
          cmd => "fact",
          name => "spills.1",
          title => "Will cause slips",
          titleFile => "Willcauseslips",
        }, "ParsedKeys"),
        start => 47,
        title => "Will cause slips",
        titleFile => "Willcauseslips",
      }, "ParsedCmd"),
      bless({
        cmd => "fact",
        end => 48,
        index => 18,
        name => "spills.2",
        parsedKeys => bless({
          cmd => "fact",
          name => "spills.2",
          title => "Wipe-up immediately",
          titleFile => "Wipeupimmediately",
        }, "ParsedKeys"),
        start => 48,
        title => "Wipe-up immediately",
        titleFile => "Wipeupimmediately",
      }, "ParsedCmd"),
      bless({
        cmd => "fact",
        end => 49,
        index => 19,
        name => "spills.3",
        parsedKeys => bless({
          cmd => "fact",
          name => "spills.3",
          title => "Slippery when walked through",
          titleFile => "Slipperywhenwalkedthrough",
        }, "ParsedKeys"),
        start => 49,
        title => "Slippery when walked through",
        titleFile => "Slipperywhenwalkedthrough",
      }, "ParsedCmd"),
      bless({
        cmd => "fact",
        end => 50,
        index => 20,
        name => "spills.4",
        parsedKeys => bless({
          cmd => "fact",
          name => "spills.4",
          title => "Follow safety protocols",
          titleFile => "Followsafetyprotocols",
        }, "ParsedKeys"),
        start => 50,
        title => "Follow safety protocols",
        titleFile => "Followsafetyprotocols",
      }, "ParsedCmd"),
      bless({
        cmd => "photoFact",
        name => 0,
        parsedKeys => bless({ cmd => "photoFact", name => 0, title => 0 }, "ParsedKeys"),
        title => 0,
        titleFile => undef,
      }, "ParsedCmd"),
      bless({
        cmd => "photoFact",
        name => 0,
        parsedKeys => bless({ cmd => "photoFact", name => 0, title => 1 }, "ParsedKeys"),
        title => 1,
        titleFile => undef,
      }, "ParsedCmd"),
      bless({
        cmd => "photoFact",
        name => 0,
        parsedKeys => bless({ cmd => "photoFact", name => 0, title => 2 }, "ParsedKeys"),
        title => 2,
        titleFile => undef,
      }, "ParsedCmd"),
      bless({
        cmd => "photoFact",
        name => 1,
        parsedKeys => bless({ cmd => "photoFact", name => 1, title => 3 }, "ParsedKeys"),
        title => 3,
        titleFile => undef,
      }, "ParsedCmd"),
      bless({
        cmd => "photoFact",
        name => 1,
        parsedKeys => bless({ cmd => "photoFact", name => 1, title => 4 }, "ParsedKeys"),
        title => 4,
        titleFile => undef,
      }, "ParsedCmd"),
      bless({
        cmd => "photoFact",
        name => 1,
        parsedKeys => bless({ cmd => "photoFact", name => 1, title => 5 }, "ParsedKeys"),
        title => 5,
        titleFile => undef,
      }, "ParsedCmd"),
      bless({
        cmd => "photoFact",
        name => 1,
        parsedKeys => bless({ cmd => "photoFact", name => 1, title => 6 }, "ParsedKeys"),
        title => 6,
        titleFile => undef,
      }, "ParsedCmd"),
      bless({
        cmd => "photoFact",
        name => 2,
        parsedKeys => bless({ cmd => "photoFact", name => 2, title => 7 }, "ParsedKeys"),
        title => 7,
        titleFile => undef,
      }, "ParsedCmd"),
      bless({
        cmd => "photoFact",
        name => 2,
        parsedKeys => bless({ cmd => "photoFact", name => 2, title => 8 }, "ParsedKeys"),
        title => 8,
        titleFile => undef,
      }, "ParsedCmd"),
      bless({
        cmd => "photoFact",
        name => 2,
        parsedKeys => bless({ cmd => "photoFact", name => 2, title => 9 }, "ParsedKeys"),
        title => 9,
        titleFile => undef,
      }, "ParsedCmd"),
      bless({
        cmd => "photoFact",
        name => 2,
        parsedKeys => bless({ cmd => "photoFact", name => 2, title => 10 }, "ParsedKeys"),
        title => 10,
        titleFile => undef,
      }, "ParsedCmd"),
      bless({
        cmd => "photoFact",
        name => 3,
        parsedKeys => bless({ cmd => "photoFact", name => 3, title => 11 }, "ParsedKeys"),
        title => 11,
        titleFile => undef,
      }, "ParsedCmd"),
      bless({
        cmd => "photoFact",
        name => 3,
        parsedKeys => bless({ cmd => "photoFact", name => 3, title => 12 }, "ParsedKeys"),
        title => 12,
        titleFile => undef,
      }, "ParsedCmd"),
      bless({
        cmd => "photoFact",
        name => 3,
        parsedKeys => bless({ cmd => "photoFact", name => 3, title => 13 }, "ParsedKeys"),
        title => 13,
        titleFile => undef,
      }, "ParsedCmd"),
      bless({
        cmd => "photoFact",
        name => 4,
        parsedKeys => bless({ cmd => "photoFact", name => 4, title => 14 }, "ParsedKeys"),
        title => 14,
        titleFile => undef,
      }, "ParsedCmd"),
      bless({
        cmd => "photoFact",
        name => 4,
        parsedKeys => bless({ cmd => "photoFact", name => 4, title => 15 }, "ParsedKeys"),
        title => 15,
        titleFile => undef,
      }, "ParsedCmd"),
      bless({
        cmd => "photoFact",
        name => 4,
        parsedKeys => bless({ cmd => "photoFact", name => 4, title => 16 }, "ParsedKeys"),
        title => 16,
        titleFile => undef,
      }, "ParsedCmd"),
    ],
    source => "app SlipsAndSpills = Minimising falls\n  maximages = 6\n  icon   = https://raw.githubusercontent.com/philiprbrenan/SlipsAndSpills/master/images/corridor.jpg\n  author = philiprbrenan\n  email  = ExperiDev1\n\nphoto bathroom= Dangerous bathroom\n  url = https://raw.githubusercontent.com/philiprbrenan/SlipsAndSpills/master/images/bathroom.jpg\n\nfact bathroom.1=Tiles like ice when wet\nfact bathroom.2=Needs non-slip floor\nfact bathroom.3=Needs handrails\n\nphoto shoes = Slip-on-sandals\n url = https://raw.githubusercontent.com/philiprbrenan/SlipsAndSpills/master/images/shoes.jpg\n \nfact shoes.1=Slip-ons are dangerous\nfact shoes.2=Too loose\nfact shoes.3=Does not support feet\nfact shoes.4=Choose a different pair\n\nphoto corridor = Long corridor poor lighting\n url = https://raw.githubusercontent.com/philiprbrenan/SlipsAndSpills/master/images/corridor.jpg\n \nfact corridor.1=Two fall risks\nfact corridor.2=Add lights\nfact corridor.3=Provide chairs\nfact corridor.4=Chairs are for pit-stops\n\nphoto tablets = Medication\n url = https://raw.githubusercontent.com/philiprbrenan/SlipsAndSpills/master/images/tablets.jpg\n \nfact tablets.1=Medication has side-effects\nfact tablets.2=Can cause dizziness and confusion\nfact tablets.3=Check possible side-effects\n\nphoto obstacles = Obstacles\n url = https://raw.githubusercontent.com/philiprbrenan/SlipsAndSpills/master/images/obstacles.jpg\n \nfact obstacles.1=Difficult to navigate\nfact obstacles.2=Can cause trips and falls\nfact obstacles.3=Clear away to make a path\n\nphoto spill = Spills on floor\n url = https://raw.githubusercontent.com/philiprbrenan/SlipsAndSpills/master/images/spill.jpg\n \nfact spills.1=Will cause slips\nfact spills.2=Wipe-up immediately\nfact spills.3=Slippery when walked through\nfact spills.4=Follow safety protocols\n",
    sourceFileSha => "6f9974db41f6a67acce523a67bc3a0820b34f57c",
    step => "completed",
  }, "Manifest");
  $a->{parsedCmds}[0] = $a->{app};
  $a;
}